2020-03-20 13:50:28.041 [main] [StartupInfoLogger.java:55] INFO  com.lee.community.CommunityApplication - Starting CommunityApplication on LAPTOP-K3MIDV59 with PID 8528 (D:\IDEA_workspace\community\target\classes started by 75275 in D:\IDEA_workspace\community) 
2020-03-20 13:50:28.061 [main] [SpringApplication.java:651] INFO  com.lee.community.CommunityApplication - No active profile set, falling back to default profiles: default 
2020-03-20 13:50:30.272 [main] [TomcatWebServer.java:92] INFO  org.springframework.boot.web.embedded.tomcat.TomcatWebServer - Tomcat initialized with port(s): 8888 (http) 
2020-03-20 13:50:30.286 [main] [DirectJDKLog.java:173] INFO  org.apache.coyote.http11.Http11NioProtocol - Initializing ProtocolHandler ["http-nio-8888"] 
2020-03-20 13:50:30.287 [main] [DirectJDKLog.java:173] INFO  org.apache.catalina.core.StandardService - Starting service [Tomcat] 
2020-03-20 13:50:30.288 [main] [DirectJDKLog.java:173] INFO  org.apache.catalina.core.StandardEngine - Starting Servlet engine: [Apache Tomcat/9.0.31] 
2020-03-20 13:50:30.443 [main] [DirectJDKLog.java:173] INFO  org.apache.catalina.core.ContainerBase.[Tomcat].[localhost].[/] - Initializing Spring embedded WebApplicationContext 
2020-03-20 13:50:30.443 [main] [ServletWebServerApplicationContext.java:284] INFO  org.springframework.web.context.ContextLoader - Root WebApplicationContext: initialization completed in 2320 ms 
2020-03-20 13:50:31.385 [main] [DefaultSecurityFilterChain.java:43] INFO  org.springframework.security.web.DefaultSecurityFilterChain - Creating filter chain: any request, [org.springframework.security.web.context.request.async.WebAsyncManagerIntegrationFilter@67b100fe, org.springframework.security.web.context.SecurityContextPersistenceFilter@71d9cb05, org.springframework.security.web.header.HeaderWriterFilter@6884f0d9, org.springframework.web.filter.CorsFilter@5ae95707, org.springframework.security.web.authentication.logout.LogoutFilter@73d4066e, com.lee.community.filter.JwtTokenFilter@31edeac, org.springframework.security.web.savedrequest.RequestCacheAwareFilter@36bf84e, org.springframework.security.web.servletapi.SecurityContextHolderAwareRequestFilter@34d4860f, org.springframework.security.web.authentication.AnonymousAuthenticationFilter@44b18fe4, org.springframework.security.web.session.SessionManagementFilter@77ec6a3d, org.springframework.security.web.access.ExceptionTranslationFilter@35eb4a3b, org.springframework.security.web.access.intercept.FilterSecurityInterceptor@16e7b402] 
2020-03-20 13:50:31.498 [main] [ExecutorConfigurationSupport.java:181] INFO  org.springframework.scheduling.concurrent.ThreadPoolTaskExecutor - Initializing ExecutorService 'applicationTaskExecutor' 
2020-03-20 13:50:31.742 [main] [DirectJDKLog.java:173] INFO  org.apache.coyote.http11.Http11NioProtocol - Starting ProtocolHandler ["http-nio-8888"] 
2020-03-20 13:50:31.802 [main] [TomcatWebServer.java:204] INFO  org.springframework.boot.web.embedded.tomcat.TomcatWebServer - Tomcat started on port(s): 8888 (http) with context path '' 
2020-03-20 13:50:31.806 [main] [StartupInfoLogger.java:61] INFO  com.lee.community.CommunityApplication - Started CommunityApplication in 4.226 seconds (JVM running for 7.618) 
2020-03-20 13:51:21.282 [http-nio-8888-exec-1] [DirectJDKLog.java:173] INFO  org.apache.catalina.core.ContainerBase.[Tomcat].[localhost].[/] - Initializing Spring DispatcherServlet 'dispatcherServlet' 
2020-03-20 13:51:21.282 [http-nio-8888-exec-1] [FrameworkServlet.java:525] INFO  org.springframework.web.servlet.DispatcherServlet - Initializing Servlet 'dispatcherServlet' 
2020-03-20 13:51:21.313 [http-nio-8888-exec-1] [FrameworkServlet.java:547] INFO  org.springframework.web.servlet.DispatcherServlet - Completed initialization in 31 ms 
2020-03-20 13:51:27.598 [http-nio-8888-exec-2] [DruidDataSource.java:947] INFO  com.alibaba.druid.pool.DruidDataSource - {dataSource-1} inited 
2020-03-20 13:52:26.718 [http-nio-8888-exec-9] [AbstractHandlerExceptionResolver.java:199] WARN  org.springframework.web.servlet.mvc.support.DefaultHandlerExceptionResolver - Resolved [org.springframework.web.method.annotation.MethodArgumentTypeMismatchException: Failed to convert value of type 'java.lang.String' to required type 'int'; nested exception is java.lang.NumberFormatException: For input string: ""] 
2020-03-20 13:56:29.752 [main] [StartupInfoLogger.java:55] INFO  com.lee.community.CommunityApplication - Starting CommunityApplication on LAPTOP-K3MIDV59 with PID 19060 (D:\IDEA_workspace\community\target\classes started by 75275 in D:\IDEA_workspace\community) 
2020-03-20 13:56:29.763 [main] [SpringApplication.java:651] INFO  com.lee.community.CommunityApplication - No active profile set, falling back to default profiles: default 
2020-03-20 13:56:31.556 [main] [TomcatWebServer.java:92] INFO  org.springframework.boot.web.embedded.tomcat.TomcatWebServer - Tomcat initialized with port(s): 8888 (http) 
2020-03-20 13:56:31.566 [main] [DirectJDKLog.java:173] INFO  org.apache.coyote.http11.Http11NioProtocol - Initializing ProtocolHandler ["http-nio-8888"] 
2020-03-20 13:56:31.566 [main] [DirectJDKLog.java:173] INFO  org.apache.catalina.core.StandardService - Starting service [Tomcat] 
2020-03-20 13:56:31.567 [main] [DirectJDKLog.java:173] INFO  org.apache.catalina.core.StandardEngine - Starting Servlet engine: [Apache Tomcat/9.0.31] 
2020-03-20 13:56:31.780 [main] [DirectJDKLog.java:173] INFO  org.apache.catalina.core.ContainerBase.[Tomcat].[localhost].[/] - Initializing Spring embedded WebApplicationContext 
2020-03-20 13:56:31.780 [main] [ServletWebServerApplicationContext.java:284] INFO  org.springframework.web.context.ContextLoader - Root WebApplicationContext: initialization completed in 1964 ms 
2020-03-20 13:56:32.702 [main] [DefaultSecurityFilterChain.java:43] INFO  org.springframework.security.web.DefaultSecurityFilterChain - Creating filter chain: any request, [org.springframework.security.web.context.request.async.WebAsyncManagerIntegrationFilter@67efd2c2, org.springframework.security.web.context.SecurityContextPersistenceFilter@2d272b0d, org.springframework.security.web.header.HeaderWriterFilter@119c745c, org.springframework.web.filter.CorsFilter@a33b4e3, org.springframework.security.web.authentication.logout.LogoutFilter@1000d54d, com.lee.community.filter.JwtTokenFilter@713064e8, org.springframework.security.web.savedrequest.RequestCacheAwareFilter@5c448433, org.springframework.security.web.servletapi.SecurityContextHolderAwareRequestFilter@26221bad, org.springframework.security.web.authentication.AnonymousAuthenticationFilter@71d9cb05, org.springframework.security.web.session.SessionManagementFilter@181e72d3, org.springframework.security.web.access.ExceptionTranslationFilter@574cd322, org.springframework.security.web.access.intercept.FilterSecurityInterceptor@3a22bad6] 
2020-03-20 13:56:32.818 [main] [ExecutorConfigurationSupport.java:181] INFO  org.springframework.scheduling.concurrent.ThreadPoolTaskExecutor - Initializing ExecutorService 'applicationTaskExecutor' 
2020-03-20 13:56:33.054 [main] [DirectJDKLog.java:173] INFO  org.apache.coyote.http11.Http11NioProtocol - Starting ProtocolHandler ["http-nio-8888"] 
2020-03-20 13:56:33.102 [main] [TomcatWebServer.java:204] INFO  org.springframework.boot.web.embedded.tomcat.TomcatWebServer - Tomcat started on port(s): 8888 (http) with context path '' 
2020-03-20 13:56:33.106 [main] [StartupInfoLogger.java:61] INFO  com.lee.community.CommunityApplication - Started CommunityApplication in 3.875 seconds (JVM running for 6.924) 
